============================= test session starts =============================
platform win32 -- Python 3.12.10, pytest-9.0.2, pluggy-1.6.0
rootdir: C:\Users\nurdm\OneDrive\Documents\sha-256-heat_kernel
configfile: pyproject.toml
plugins: anyio-4.12.0, asyncio-1.3.0, cov-7.1.0
asyncio: mode=Mode.STRICT, debug=False, asyncio_default_fixture_loop_scope=None, asyncio_default_test_loop_scope=function
collected 53 items

tests\test_core.py ....................                                  [ 37%]
tests\test_measurement_regressions.py ..................                 [ 71%]
tests\test_publication_followup.py ..                                    [ 75%]
tests\test_publication_matched.py ..                                     [ 79%]
tests\test_publication_stats.py ....                                     [ 86%]
tests\test_verifier_receipts.py .......                                  [100%]

============================= 53 passed in 13.74s =============================
