============================= test session starts =============================
platform win32 -- Python 3.12.10, pytest-9.0.2, pluggy-1.6.0
rootdir: C:\Users\nurdm\OneDrive\Documents\sha-256-heat_kernel
configfile: pyproject.toml
plugins: anyio-4.12.0, asyncio-1.3.0, cov-7.1.0
asyncio: mode=Mode.STRICT, debug=False, asyncio_default_fixture_loop_scope=None, asyncio_default_test_loop_scope=function
collected 42 items

tests\test_core.py ....................                                  [ 47%]
tests\test_measurement_regressions.py ..................                 [ 90%]
tests\test_publication_followup.py ..                                    [ 95%]
tests\test_publication_matched.py ..                                     [100%]

============================= 42 passed in 1.82s ==============================
